<?xml version="1.0" encoding="UTF-8"?>
<testsuite xmlns:xsi="http://www.w3.org/2001/XMLSchema-instance" xsi:noNamespaceSchemaLocation="https://maven.apache.org/surefire/maven-surefire-plugin/xsd/surefire-test-report.xsd" version="3.0.2" name="com.greencloud.scheduler.TaskSchedulerTest" time="0.178" tests="5" errors="0" skipped="0" failures="0">
  <properties>
[...]
</properties>
  <testcase name="testSchedulerInitializationAndSubmission" classname="com.greencloud.scheduler.TaskSchedulerTest" time="0.01">
    <system-err><![CDATA[Sep 17, 2026 1:03:01 AM com.greencloud.scheduler.TaskScheduler submitTask
INFO: [SUBMIT] Task [task-1] added (Priority: HIGH, Threshold: 150.0 gCO2/kWh). Total pending: 1
]]></system-err>
  </testcase>
  <testcase name="testTickWithEnvironmentalDataProvider" classname="com.greencloud.scheduler.TaskSchedulerTest" time="0.037">
    <system-err><![CDATA[Sep 17, 2026 1:03:01 AM com.greencloud.scheduler.TaskScheduler submitTask
INFO: [SUBMIT] Task [task-env] added (Priority: HIGH, Threshold: 180.0 gCO2/kWh). Total pending: 1
Sep 17, 2026 1:03:01 AM com.greencloud.scheduler.TaskScheduler tick
INFO: [TICK] Evaluating top task [task-env] (Priority: HIGH, Threshold: 180.0 gCO2/kWh) against current carbon intensity: 120.0 gCO2/kWh
Sep 17, 2026 1:03:01 AM com.greencloud.scheduler.TaskScheduler tick
INFO: [DECISION] Task [task-env] IS ELIGIBLE to run. Starting execution...
Sep 17, 2026 1:03:01 AM com.greencloud.model.BackupTask execute
INFO: [START] BackupTask [task-env]: backing up from 'default_src' to 'default_dest' (duration: 10 ms)
Sep 17, 2026 1:03:01 AM com.greencloud.model.BackupTask execute
INFO: [END] BackupTask [task-env]: completed successfully
Sep 17, 2026 1:03:01 AM com.greencloud.scheduler.TaskScheduler tick
INFO: [OUTCOME] Task [task-env] finished execution with status: COMPLETED
]]></system-err>
  </testcase>
  <testcase name="testCarbonIntensityDeferral" classname="com.greencloud.scheduler.TaskSchedulerTest" time="0.029">
    <system-err><![CDATA[Sep 17, 2026 1:03:01 AM com.greencloud.scheduler.TaskScheduler submitTask
INFO: [SUBMIT] Task [bg-task] added (Priority: BACKGROUND, Threshold: 100.0 gCO2/kWh). Total pending: 1
Sep 17, 2026 1:03:01 AM com.greencloud.scheduler.TaskScheduler tick
INFO: [TICK] Evaluating top task [bg-task] (Priority: BACKGROUND, Threshold: 100.0 gCO2/kWh) against current carbon intensity: 250.0 gCO2/kWh
Sep 17, 2026 1:03:01 AM com.greencloud.scheduler.TaskScheduler tick
INFO: [DECISION] Task [bg-task] IS NOT ELIGIBLE to run (Threshold: 100.0 gCO2/kWh < Current: 250.0 gCO2/kWh). Retaining in queue for better conditions.
Sep 17, 2026 1:03:01 AM com.greencloud.scheduler.TaskScheduler tick
INFO: [TICK] Evaluating top task [bg-task] (Priority: BACKGROUND, Threshold: 100.0 gCO2/kWh) against current carbon intensity: 90.0 gCO2/kWh
Sep 17, 2026 1:03:01 AM com.greencloud.scheduler.TaskScheduler tick
INFO: [DECISION] Task [bg-task] IS ELIGIBLE to run. Starting execution...
Sep 17, 2026 1:03:01 AM com.greencloud.model.BatchProcessingTask execute
INFO: [START] BatchProcessingTask [bg-task]: processing 1000 records (duration: 10 ms)
Sep 17, 2026 1:03:01 AM com.greencloud.model.BatchProcessingTask execute
INFO: [END] BatchProcessingTask [bg-task]: completed successfully
Sep 17, 2026 1:03:01 AM com.greencloud.scheduler.TaskScheduler tick
INFO: [OUTCOME] Task [bg-task] finished execution with status: COMPLETED
]]></system-err>
  </testcase>
  <testcase name="testPriorityExecutionOrder" classname="com.greencloud.scheduler.TaskSchedulerTest" time="0.061">
    <system-err><![CDATA[Sep 17, 2026 1:03:01 AM com.greencloud.scheduler.TaskScheduler submitTask
INFO: [SUBMIT] Task [bg-task] added (Priority: BACKGROUND, Threshold: 200.0 gCO2/kWh). Total pending: 1
Sep 17, 2026 1:03:01 AM com.greencloud.scheduler.TaskScheduler submitTask
INFO: [SUBMIT] Task [high-task] added (Priority: HIGH, Threshold: 200.0 gCO2/kWh). Total pending: 2
Sep 17, 2026 1:03:01 AM com.greencloud.scheduler.TaskScheduler submitTask
INFO: [SUBMIT] Task [crit-task] added (Priority: CRITICAL, Threshold: 200.0 gCO2/kWh). Total pending: 3
Sep 17, 2026 1:03:01 AM com.greencloud.scheduler.TaskScheduler tick
INFO: [TICK] Evaluating top task [crit-task] (Priority: CRITICAL, Threshold: 200.0 gCO2/kWh) against current carbon intensity: 150.0 gCO2/kWh
Sep 17, 2026 1:03:01 AM com.greencloud.scheduler.TaskScheduler tick
INFO: [DECISION] Task [crit-task] IS ELIGIBLE to run. Starting execution...
Sep 17, 2026 1:03:01 AM com.greencloud.model.BatchProcessingTask execute
INFO: [START] BatchProcessingTask [crit-task]: processing 50 records (duration: 10 ms)
Sep 17, 2026 1:03:01 AM com.greencloud.model.BatchProcessingTask execute
INFO: [END] BatchProcessingTask [crit-task]: completed successfully
Sep 17, 2026 1:03:01 AM com.greencloud.scheduler.TaskScheduler tick
INFO: [OUTCOME] Task [crit-task] finished execution with status: COMPLETED
Sep 17, 2026 1:03:01 AM com.greencloud.scheduler.TaskScheduler tick
INFO: [TICK] Evaluating top task [high-task] (Priority: HIGH, Threshold: 200.0 gCO2/kWh) against current carbon intensity: 150.0 gCO2/kWh
Sep 17, 2026 1:03:01 AM com.greencloud.scheduler.TaskScheduler tick
INFO: [DECISION] Task [high-task] IS ELIGIBLE to run. Starting execution...
Sep 17, 2026 1:03:01 AM com.greencloud.model.BackupTask execute
INFO: [START] BackupTask [high-task]: backing up from 'default_src' to 'default_dest' (duration: 10 ms)
Sep 17, 2026 1:03:01 AM com.greencloud.model.BackupTask execute
INFO: [END] BackupTask [high-task]: completed successfully
Sep 17, 2026 1:03:01 AM com.greencloud.scheduler.TaskScheduler tick
INFO: [OUTCOME] Task [high-task] finished execution with status: COMPLETED
Sep 17, 2026 1:03:01 AM com.greencloud.scheduler.TaskScheduler tick
INFO: [TICK] Evaluating top task [bg-task] (Priority: BACKGROUND, Threshold: 200.0 gCO2/kWh) against current carbon intensity: 150.0 gCO2/kWh
Sep 17, 2026 1:03:01 AM com.greencloud.scheduler.TaskScheduler tick
INFO: [DECISION] Task [bg-task] IS ELIGIBLE to run. Starting execution...
Sep 17, 2026 1:03:01 AM com.greencloud.model.BatchProcessingTask execute
INFO: [START] BatchProcessingTask [bg-task]: processing 100 records (duration: 10 ms)
Sep 17, 2026 1:03:01 AM com.greencloud.model.BatchProcessingTask execute
INFO: [END] BatchProcessingTask [bg-task]: completed successfully
Sep 17, 2026 1:03:01 AM com.greencloud.scheduler.TaskScheduler tick
INFO: [OUTCOME] Task [bg-task] finished execution with status: COMPLETED
]]></system-err>
  </testcase>
  <testcase name="testCriticalTaskBypassesCarbonThreshold" classname="com.greencloud.scheduler.TaskSchedulerTest" time="0.03">
    <system-err><![CDATA[Sep 17, 2026 1:03:01 AM com.greencloud.scheduler.TaskScheduler submitTask
INFO: [SUBMIT] Task [crit-1] added (Priority: CRITICAL, Threshold: 50.0 gCO2/kWh). Total pending: 1
Sep 17, 2026 1:03:01 AM com.greencloud.scheduler.TaskScheduler tick
INFO: [TICK] Evaluating top task [crit-1] (Priority: CRITICAL, Threshold: 50.0 gCO2/kWh) against current carbon intensity: 500.0 gCO2/kWh
Sep 17, 2026 1:03:01 AM com.greencloud.scheduler.TaskScheduler tick
INFO: [DECISION] Task [crit-1] IS ELIGIBLE to run. Starting execution...
Sep 17, 2026 1:03:01 AM com.greencloud.model.BackupTask execute
INFO: [START] BackupTask [crit-1]: backing up from 'default_src' to 'default_dest' (duration: 10 ms)
Sep 17, 2026 1:03:01 AM com.greencloud.model.BackupTask execute
INFO: [END] BackupTask [crit-1]: completed successfully
Sep 17, 2026 1:03:01 AM com.greencloud.scheduler.TaskScheduler tick
INFO: [OUTCOME] Task [crit-1] finished execution with status: COMPLETED
]]></system-err>
  </testcase>
</testsuite>